Mar 20, 2024 6:20:03 PM com.google.cloud.datastore.emulator.firestore.websocket.WebSocketServer start
INFO: Started WebSocket server on ws://127.0.0.1:9150
API endpoint: http://127.0.0.1:8081
If you are using a library that supports the FIRESTORE_EMULATOR_HOST environment variable, run:

   export FIRESTORE_EMULATOR_HOST=127.0.0.1:8081

If you are running a Firestore in Datastore Mode project, run:

   export DATASTORE_EMULATOR_HOST=127.0.0.1:8081

Note: Support for Datastore Mode is in preview. If you encounter any bugs please file at https://github.com/firebase/firebase-tools/issues.
Dev App Server is now running.

Mar 20, 2024 6:20:10 PM io.gapi.emulators.netty.HttpVersionRoutingHandler channelRead
INFO: Detected non-HTTP/2 connection.
Mar 20, 2024 6:20:10 PM com.google.cloud.datastore.emulator.firestore.websocket.WebSocketChannelHandler initChannel
INFO: Connected to new websocket client
Mar 20, 2024 6:20:10 PM com.google.cloud.datastore.emulator.firestore.websocket.WebSocketChannelHandler initChannel
INFO: Connected to new websocket client
Mar 20, 2024 6:20:10 PM com.google.cloud.datastore.emulator.firestore.websocket.WebSocketChannelHandler channelClosed
INFO: Websocket client disconnected
Mar 20, 2024 6:20:11 PM io.gapi.emulators.netty.HttpVersionRoutingHandler channelRead
INFO: Detected HTTP/2 connection.
Mar 20, 2024 6:20:17 PM io.gapi.emulators.netty.HttpVersionRoutingHandler channelRead
INFO: Detected non-HTTP/2 connection.
Mar 20, 2024 6:20:46 PM io.gapi.emulators.netty.HttpVersionRoutingHandler channelRead
INFO: Detected non-HTTP/2 connection.
Mar 20, 2024 6:25:07 PM com.google.cloud.datastore.emulator.firestore.websocket.WebSocketChannelHandler channelClosed
INFO: Websocket client disconnected
Mar 20, 2024 6:55:54 PM com.google.cloud.datastore.emulator.firestore.websocket.WebSocketChannelHandler initChannel
INFO: Connected to new websocket client
Mar 20, 2024 7:00:19 PM io.gapi.emulators.netty.HttpVersionRoutingHandler channelRead
INFO: Detected HTTP/2 connection.
Mar 20, 2024 7:00:19 PM com.google.cloud.datastore.emulator.impl.context.EmulatorAuthorization fromHeader
WARNING: Received service account token ya29.a0Ad52N3-7cWzVu1zk1fOyO3FGHTpbqACfAuqzxCZtmr2dhpkRMUJPyEnr2xIm4lvQXs-zVvJW3OOuqU91K3R0OK2HU-zbpihKccj1bO7HQCMvTOLfqGSBMIpYzW8OCU70EyjRCJvmhPu7hSGaGevlyC6JpvhahzOTOrrr9waCgYKAfYSARESFQHGX2Mi2zSarYVE1kIWFkqzzHwAZQ0173, assuming ownership.
Mar 20, 2024 7:14:24 PM io.gapi.emulators.netty.HttpVersionRoutingHandler channelRead
INFO: Detected HTTP/2 connection.
Mar 20, 2024 7:14:24 PM com.google.cloud.datastore.emulator.impl.context.EmulatorAuthorization fromHeader
WARNING: Received service account token ya29.a0Ad52N3_65n2rK137bV_ut9HvkelZi85H5IWTJfRWpvOLkyWJARbxyTvX4ujUrjopTpRKdkAlFrAV99OPlUoqIrRrYl71Mcu6jR7eR6DUHjl4XgZ3B9nceQP-5bmmhB75DXeQyrKCn4jOP2sYoLTfWDJTaffQtCV1oWV5OwaCgYKASMSARESFQHGX2MiiSAAZU_WpL0BMvDugvkRrw0173, assuming ownership.
Mar 20, 2024 7:15:16 PM io.gapi.emulators.netty.HttpVersionRoutingHandler channelRead
INFO: Detected non-HTTP/2 connection.
Mar 20, 2024 7:18:39 PM io.gapi.emulators.netty.HttpVersionRoutingHandler channelRead
INFO: Detected HTTP/2 connection.
Mar 20, 2024 7:18:39 PM com.google.cloud.datastore.emulator.impl.context.EmulatorAuthorization fromHeader
WARNING: Received service account token ya29.a0Ad52N3--EOam_SpNVrfjZd0XcuVHYvH65Q24wu-8T-RSoFclrXV4SFP0sNjESYMjXn6WjjsdvEDb40ilNvrYZ3i6Oujkz7hlQ31WXsqo3dd8aZbevM3CyDbscgV5o53wTvP4_7lGRxuqHBd3aY37Kw_qHIUhzXfxDdzfaCgYKASQSARESFQHGX2MiFJgD9TvBp7Pg6994p5B0Sw0171, assuming ownership.
Mar 20, 2024 7:21:00 PM io.gapi.emulators.netty.HttpVersionRoutingHandler channelRead
INFO: Detected HTTP/2 connection.
Mar 20, 2024 7:21:01 PM com.google.cloud.datastore.emulator.impl.context.EmulatorAuthorization fromHeader
WARNING: Received service account token ya29.a0Ad52N38mXlxm2MoKFHE2B0i2abMjS0mGebTaDItDQbXjfS4b5ItZQpKIjTl4yiwtNnCy-UOozv9IlkhrZ1HIybYe79B454OwMyEZ47a9nvrt-uKHBfPtVysiBNfLTha__pzRu4Y5qQviu5CNZ9dYTbs1vqBQQrUqQlPbaCgYKAUMSARESFQHGX2MiD-NkrQmt0F13rmDbOJ7bmw0171, assuming ownership.
Mar 20, 2024 7:27:04 PM io.gapi.emulators.netty.HttpVersionRoutingHandler channelRead
INFO: Detected HTTP/2 connection.
Mar 20, 2024 7:27:05 PM com.google.cloud.datastore.emulator.impl.context.EmulatorAuthorization fromHeader
WARNING: Received service account token ya29.a0Ad52N39TA5-I5X8kcUYGt4YmPzinBJ8zZx2606HE4HbfGvP4_fZ0vqgZc81Na8CDN4vKunph5TjlHWMnhcmfQDJQSqx9Mr1NtzVM4kJKBotx1LynH3w3QHeSih0cB4OcS0WpK5gHSLEMKXiqNFdQha-lgYOqYRPn0OsHaCgYKAbQSARESFQHGX2Mi8Ux2DbINSF7bHNf7dki7XQ0171, assuming ownership.
Mar 20, 2024 7:29:59 PM com.google.cloud.datastore.emulator.impl.context.EmulatorAuthorization fromHeader
WARNING: Received service account token ya29.a0Ad52N39TA5-I5X8kcUYGt4YmPzinBJ8zZx2606HE4HbfGvP4_fZ0vqgZc81Na8CDN4vKunph5TjlHWMnhcmfQDJQSqx9Mr1NtzVM4kJKBotx1LynH3w3QHeSih0cB4OcS0WpK5gHSLEMKXiqNFdQha-lgYOqYRPn0OsHaCgYKAbQSARESFQHGX2Mi8Ux2DbINSF7bHNf7dki7XQ0171, assuming ownership.
Mar 20, 2024 7:30:02 PM com.google.cloud.datastore.emulator.impl.context.EmulatorAuthorization fromHeader
WARNING: Received service account token ya29.a0Ad52N39TA5-I5X8kcUYGt4YmPzinBJ8zZx2606HE4HbfGvP4_fZ0vqgZc81Na8CDN4vKunph5TjlHWMnhcmfQDJQSqx9Mr1NtzVM4kJKBotx1LynH3w3QHeSih0cB4OcS0WpK5gHSLEMKXiqNFdQha-lgYOqYRPn0OsHaCgYKAbQSARESFQHGX2Mi8Ux2DbINSF7bHNf7dki7XQ0171, assuming ownership.
Mar 20, 2024 7:30:37 PM io.gapi.emulators.netty.HttpVersionRoutingHandler channelRead
INFO: Detected HTTP/2 connection.
Mar 20, 2024 7:30:37 PM com.google.cloud.datastore.emulator.impl.context.EmulatorAuthorization fromHeader
WARNING: Received service account token ya29.a0Ad52N3-j7-4Nptt9eVHu_Ih5FwizOBLsxVUK4NRu4WgN7wQWqecxdkI8yOOfrAp-0-lgaW0i5XkETgJ2j_DQwn93bf4sSRLCF-A0R2YNms4ySmm-ikPtl1qNy-9lDWTzTEGvDe5X5xT-0c8n2fLv28bX6fyHmAgvgJ8GaCgYKAWESARESFQHGX2Mi7ZrOXOGdWOOM93K796-5yg0171, assuming ownership.
Mar 20, 2024 7:32:57 PM io.gapi.emulators.netty.HttpVersionRoutingHandler channelRead
INFO: Detected HTTP/2 connection.
Mar 20, 2024 7:32:58 PM com.google.cloud.datastore.emulator.impl.context.EmulatorAuthorization fromHeader
WARNING: Received service account token ya29.a0Ad52N3_Zy3W1tudf8CzNP8YLXpUmvP80Q2eXGUdiweXDO3KequkaAjQCAFxjX9R-nDLL3a_D7KC7ZSqfC-f4swuUq8S0a5n757E6XmwWi6XzJQHteqKxjTuiKbqqAs2iV_7bD3_biR9Xa5y-APeUa0tCKa-WW_iR6CTjaCgYKAdsSARESFQHGX2Mibc22p2OzRPbsMzbnMXLbwQ0171, assuming ownership.
Mar 20, 2024 7:33:03 PM com.google.cloud.datastore.emulator.impl.context.EmulatorAuthorization fromHeader
WARNING: Received service account token ya29.a0Ad52N3_Zy3W1tudf8CzNP8YLXpUmvP80Q2eXGUdiweXDO3KequkaAjQCAFxjX9R-nDLL3a_D7KC7ZSqfC-f4swuUq8S0a5n757E6XmwWi6XzJQHteqKxjTuiKbqqAs2iV_7bD3_biR9Xa5y-APeUa0tCKa-WW_iR6CTjaCgYKAdsSARESFQHGX2Mibc22p2OzRPbsMzbnMXLbwQ0171, assuming ownership.
Mar 20, 2024 7:33:07 PM com.google.cloud.datastore.emulator.impl.context.EmulatorAuthorization fromHeader
WARNING: Received service account token ya29.a0Ad52N3_Zy3W1tudf8CzNP8YLXpUmvP80Q2eXGUdiweXDO3KequkaAjQCAFxjX9R-nDLL3a_D7KC7ZSqfC-f4swuUq8S0a5n757E6XmwWi6XzJQHteqKxjTuiKbqqAs2iV_7bD3_biR9Xa5y-APeUa0tCKa-WW_iR6CTjaCgYKAdsSARESFQHGX2Mibc22p2OzRPbsMzbnMXLbwQ0171, assuming ownership.
Mar 20, 2024 8:20:19 PM io.gapi.emulators.netty.HttpVersionRoutingHandler channelRead
INFO: Detected HTTP/2 connection.
Mar 20, 2024 8:20:19 PM com.google.cloud.datastore.emulator.impl.context.EmulatorAuthorization fromHeader
WARNING: Received service account token ya29.a0Ad52N38_2Cv9H8rSvbVh6SV6E015eEBS_RAGCq4LUawWek6ktTyTbKRj2lqBmBye0Ow3Swe7lF9FT-xWTBwiW_x05HkltGzUj8IybcMs1cLvccnUmdoAm046wXWbNki0rH5tFoErDcYMP-LvE5MY-3w8x29h_shdM-shaCgYKAd0SARESFQHGX2MihOpMBKMmk2HZtXeQ7vGPpw0171, assuming ownership.
Mar 20, 2024 8:20:19 PM com.google.cloud.datastore.emulator.impl.util.WrappedStreamObserver onError
WARNING: Operation failed: Document (projects/blogpage-416810/databases/(default)/documents/posts/How setup the continuous deploy in cloud run) not found.
com.google.cloud.datastore.core.exception.DatastoreException: Document (projects/blogpage-416810/databases/(default)/documents/posts/How setup the continuous deploy in cloud run) not found.
	at com.google.cloud.datastore.emulator.impl.firestore.CloudFirestoreV1.getDocument(CloudFirestoreV1.java:323)
	at com.google.cloud.datastore.emulator.impl.firestore.CloudFirestoreV1Router.getDocument(CloudFirestoreV1Router.java:124)
	at com.google.cloud.datastore.emulator.firestore.v1.FirestoreV1GrpcAdapter$1.lambda$getDocument$1(FirestoreV1GrpcAdapter.java:112)
	at com.google.cloud.datastore.emulator.firestore.v1.FirestoreV1GrpcAdapter.unary(FirestoreV1GrpcAdapter.java:70)
	at com.google.cloud.datastore.emulator.firestore.v1.FirestoreV1GrpcAdapter$1.getDocument(FirestoreV1GrpcAdapter.java:112)
	at com.google.firestore.v1.FirestoreGrpc$MethodHandlers.invoke(FirestoreGrpc.java:1155)
	at io.grpc.stub.ServerCalls$UnaryServerCallHandler$UnaryServerCallListener.onHalfClose(ServerCalls.java:182)
	at io.grpc.PartialForwardingServerCallListener.onHalfClose(PartialForwardingServerCallListener.java:35)
	at io.grpc.ForwardingServerCallListener.onHalfClose(ForwardingServerCallListener.java:23)
	at io.grpc.ForwardingServerCallListener$SimpleForwardingServerCallListener.onHalfClose(ForwardingServerCallListener.java:40)
	at io.grpc.Contexts$ContextualizedServerCallListener.onHalfClose(Contexts.java:86)
	at io.grpc.PartialForwardingServerCallListener.onHalfClose(PartialForwardingServerCallListener.java:35)
	at io.grpc.ForwardingServerCallListener.onHalfClose(ForwardingServerCallListener.java:23)
	at io.grpc.ForwardingServerCallListener$SimpleForwardingServerCallListener.onHalfClose(ForwardingServerCallListener.java:40)
	at io.grpc.Contexts$ContextualizedServerCallListener.onHalfClose(Contexts.java:86)
	at io.grpc.internal.ServerCallImpl$ServerStreamListenerImpl.halfClosed(ServerCallImpl.java:351)
	at io.grpc.internal.ServerImpl$JumpToApplicationThreadServerStreamListener$1HalfClosed.runInContext(ServerImpl.java:861)
	at io.grpc.internal.ContextRunnable.run(ContextRunnable.java:37)
	at io.grpc.internal.SerializingExecutor.run(SerializingExecutor.java:133)
	at java.base/java.util.concurrent.ThreadPoolExecutor.runWorker(ThreadPoolExecutor.java:1144)
	at java.base/java.util.concurrent.ThreadPoolExecutor$Worker.run(ThreadPoolExecutor.java:642)
	at java.base/java.lang.Thread.run(Thread.java:1589)

Mar 20, 2024 8:20:19 PM com.google.cloud.datastore.emulator.impl.context.EmulatorAuthorization fromHeader
WARNING: Received service account token ya29.a0Ad52N38_2Cv9H8rSvbVh6SV6E015eEBS_RAGCq4LUawWek6ktTyTbKRj2lqBmBye0Ow3Swe7lF9FT-xWTBwiW_x05HkltGzUj8IybcMs1cLvccnUmdoAm046wXWbNki0rH5tFoErDcYMP-LvE5MY-3w8x29h_shdM-shaCgYKAd0SARESFQHGX2MihOpMBKMmk2HZtXeQ7vGPpw0171, assuming ownership.
Mar 20, 2024 8:20:19 PM com.google.cloud.datastore.emulator.impl.util.WrappedStreamObserver onError
WARNING: Operation failed: Document (projects/blogpage-416810/databases/(default)/documents/posts/Why Js devs are migrating from Js to Rust?) not found.
com.google.cloud.datastore.core.exception.DatastoreException: Document (projects/blogpage-416810/databases/(default)/documents/posts/Why Js devs are migrating from Js to Rust?) not found.
	at com.google.cloud.datastore.emulator.impl.firestore.CloudFirestoreV1.getDocument(CloudFirestoreV1.java:323)
	at com.google.cloud.datastore.emulator.impl.firestore.CloudFirestoreV1Router.getDocument(CloudFirestoreV1Router.java:124)
	at com.google.cloud.datastore.emulator.firestore.v1.FirestoreV1GrpcAdapter$1.lambda$getDocument$1(FirestoreV1GrpcAdapter.java:112)
	at com.google.cloud.datastore.emulator.firestore.v1.FirestoreV1GrpcAdapter.unary(FirestoreV1GrpcAdapter.java:70)
	at com.google.cloud.datastore.emulator.firestore.v1.FirestoreV1GrpcAdapter$1.getDocument(FirestoreV1GrpcAdapter.java:112)
	at com.google.firestore.v1.FirestoreGrpc$MethodHandlers.invoke(FirestoreGrpc.java:1155)
	at io.grpc.stub.ServerCalls$UnaryServerCallHandler$UnaryServerCallListener.onHalfClose(ServerCalls.java:182)
	at io.grpc.PartialForwardingServerCallListener.onHalfClose(PartialForwardingServerCallListener.java:35)
	at io.grpc.ForwardingServerCallListener.onHalfClose(ForwardingServerCallListener.java:23)
	at io.grpc.ForwardingServerCallListener$SimpleForwardingServerCallListener.onHalfClose(ForwardingServerCallListener.java:40)
	at io.grpc.Contexts$ContextualizedServerCallListener.onHalfClose(Contexts.java:86)
	at io.grpc.PartialForwardingServerCallListener.onHalfClose(PartialForwardingServerCallListener.java:35)
	at io.grpc.ForwardingServerCallListener.onHalfClose(ForwardingServerCallListener.java:23)
	at io.grpc.ForwardingServerCallListener$SimpleForwardingServerCallListener.onHalfClose(ForwardingServerCallListener.java:40)
	at io.grpc.Contexts$ContextualizedServerCallListener.onHalfClose(Contexts.java:86)
	at io.grpc.internal.ServerCallImpl$ServerStreamListenerImpl.halfClosed(ServerCallImpl.java:351)
	at io.grpc.internal.ServerImpl$JumpToApplicationThreadServerStreamListener$1HalfClosed.runInContext(ServerImpl.java:861)
	at io.grpc.internal.ContextRunnable.run(ContextRunnable.java:37)
	at io.grpc.internal.SerializingExecutor.run(SerializingExecutor.java:133)
	at java.base/java.util.concurrent.ThreadPoolExecutor.runWorker(ThreadPoolExecutor.java:1144)
	at java.base/java.util.concurrent.ThreadPoolExecutor$Worker.run(ThreadPoolExecutor.java:642)
	at java.base/java.lang.Thread.run(Thread.java:1589)

Mar 20, 2024 8:20:19 PM com.google.cloud.datastore.emulator.impl.context.EmulatorAuthorization fromHeader
WARNING: Received service account token ya29.a0Ad52N38_2Cv9H8rSvbVh6SV6E015eEBS_RAGCq4LUawWek6ktTyTbKRj2lqBmBye0Ow3Swe7lF9FT-xWTBwiW_x05HkltGzUj8IybcMs1cLvccnUmdoAm046wXWbNki0rH5tFoErDcYMP-LvE5MY-3w8x29h_shdM-shaCgYKAd0SARESFQHGX2MihOpMBKMmk2HZtXeQ7vGPpw0171, assuming ownership.
Mar 20, 2024 8:20:19 PM com.google.cloud.datastore.emulator.impl.util.WrappedStreamObserver onError
WARNING: Operation failed: Document (projects/blogpage-416810/databases/(default)/documents/posts/How host a rustlang server for free in the google cloud plataform?) not found.
com.google.cloud.datastore.core.exception.DatastoreException: Document (projects/blogpage-416810/databases/(default)/documents/posts/How host a rustlang server for free in the google cloud plataform?) not found.
	at com.google.cloud.datastore.emulator.impl.firestore.CloudFirestoreV1.getDocument(CloudFirestoreV1.java:323)
	at com.google.cloud.datastore.emulator.impl.firestore.CloudFirestoreV1Router.getDocument(CloudFirestoreV1Router.java:124)
	at com.google.cloud.datastore.emulator.firestore.v1.FirestoreV1GrpcAdapter$1.lambda$getDocument$1(FirestoreV1GrpcAdapter.java:112)
	at com.google.cloud.datastore.emulator.firestore.v1.FirestoreV1GrpcAdapter.unary(FirestoreV1GrpcAdapter.java:70)
	at com.google.cloud.datastore.emulator.firestore.v1.FirestoreV1GrpcAdapter$1.getDocument(FirestoreV1GrpcAdapter.java:112)
	at com.google.firestore.v1.FirestoreGrpc$MethodHandlers.invoke(FirestoreGrpc.java:1155)
	at io.grpc.stub.ServerCalls$UnaryServerCallHandler$UnaryServerCallListener.onHalfClose(ServerCalls.java:182)
	at io.grpc.PartialForwardingServerCallListener.onHalfClose(PartialForwardingServerCallListener.java:35)
	at io.grpc.ForwardingServerCallListener.onHalfClose(ForwardingServerCallListener.java:23)
	at io.grpc.ForwardingServerCallListener$SimpleForwardingServerCallListener.onHalfClose(ForwardingServerCallListener.java:40)
	at io.grpc.Contexts$ContextualizedServerCallListener.onHalfClose(Contexts.java:86)
	at io.grpc.PartialForwardingServerCallListener.onHalfClose(PartialForwardingServerCallListener.java:35)
	at io.grpc.ForwardingServerCallListener.onHalfClose(ForwardingServerCallListener.java:23)
	at io.grpc.ForwardingServerCallListener$SimpleForwardingServerCallListener.onHalfClose(ForwardingServerCallListener.java:40)
	at io.grpc.Contexts$ContextualizedServerCallListener.onHalfClose(Contexts.java:86)
	at io.grpc.internal.ServerCallImpl$ServerStreamListenerImpl.halfClosed(ServerCallImpl.java:351)
	at io.grpc.internal.ServerImpl$JumpToApplicationThreadServerStreamListener$1HalfClosed.runInContext(ServerImpl.java:861)
	at io.grpc.internal.ContextRunnable.run(ContextRunnable.java:37)
	at io.grpc.internal.SerializingExecutor.run(SerializingExecutor.java:133)
	at java.base/java.util.concurrent.ThreadPoolExecutor.runWorker(ThreadPoolExecutor.java:1144)
	at java.base/java.util.concurrent.ThreadPoolExecutor$Worker.run(ThreadPoolExecutor.java:642)
	at java.base/java.lang.Thread.run(Thread.java:1589)

Mar 20, 2024 8:20:19 PM com.google.cloud.datastore.emulator.impl.context.EmulatorAuthorization fromHeader
WARNING: Received service account token ya29.a0Ad52N38_2Cv9H8rSvbVh6SV6E015eEBS_RAGCq4LUawWek6ktTyTbKRj2lqBmBye0Ow3Swe7lF9FT-xWTBwiW_x05HkltGzUj8IybcMs1cLvccnUmdoAm046wXWbNki0rH5tFoErDcYMP-LvE5MY-3w8x29h_shdM-shaCgYKAd0SARESFQHGX2MihOpMBKMmk2HZtXeQ7vGPpw0171, assuming ownership.
Mar 20, 2024 8:20:19 PM com.google.cloud.datastore.emulator.impl.util.WrappedStreamObserver onError
WARNING: Operation failed: Document (projects/blogpage-416810/databases/(default)/documents/posts/How connect rust to firestore database) not found.
com.google.cloud.datastore.core.exception.DatastoreException: Document (projects/blogpage-416810/databases/(default)/documents/posts/How connect rust to firestore database) not found.
	at com.google.cloud.datastore.emulator.impl.firestore.CloudFirestoreV1.getDocument(CloudFirestoreV1.java:323)
	at com.google.cloud.datastore.emulator.impl.firestore.CloudFirestoreV1Router.getDocument(CloudFirestoreV1Router.java:124)
	at com.google.cloud.datastore.emulator.firestore.v1.FirestoreV1GrpcAdapter$1.lambda$getDocument$1(FirestoreV1GrpcAdapter.java:112)
	at com.google.cloud.datastore.emulator.firestore.v1.FirestoreV1GrpcAdapter.unary(FirestoreV1GrpcAdapter.java:70)
	at com.google.cloud.datastore.emulator.firestore.v1.FirestoreV1GrpcAdapter$1.getDocument(FirestoreV1GrpcAdapter.java:112)
	at com.google.firestore.v1.FirestoreGrpc$MethodHandlers.invoke(FirestoreGrpc.java:1155)
	at io.grpc.stub.ServerCalls$UnaryServerCallHandler$UnaryServerCallListener.onHalfClose(ServerCalls.java:182)
	at io.grpc.PartialForwardingServerCallListener.onHalfClose(PartialForwardingServerCallListener.java:35)
	at io.grpc.ForwardingServerCallListener.onHalfClose(ForwardingServerCallListener.java:23)
	at io.grpc.ForwardingServerCallListener$SimpleForwardingServerCallListener.onHalfClose(ForwardingServerCallListener.java:40)
	at io.grpc.Contexts$ContextualizedServerCallListener.onHalfClose(Contexts.java:86)
	at io.grpc.PartialForwardingServerCallListener.onHalfClose(PartialForwardingServerCallListener.java:35)
	at io.grpc.ForwardingServerCallListener.onHalfClose(ForwardingServerCallListener.java:23)
	at io.grpc.ForwardingServerCallListener$SimpleForwardingServerCallListener.onHalfClose(ForwardingServerCallListener.java:40)
	at io.grpc.Contexts$ContextualizedServerCallListener.onHalfClose(Contexts.java:86)
	at io.grpc.internal.ServerCallImpl$ServerStreamListenerImpl.halfClosed(ServerCallImpl.java:351)
	at io.grpc.internal.ServerImpl$JumpToApplicationThreadServerStreamListener$1HalfClosed.runInContext(ServerImpl.java:861)
	at io.grpc.internal.ContextRunnable.run(ContextRunnable.java:37)
	at io.grpc.internal.SerializingExecutor.run(SerializingExecutor.java:133)
	at java.base/java.util.concurrent.ThreadPoolExecutor.runWorker(ThreadPoolExecutor.java:1144)
	at java.base/java.util.concurrent.ThreadPoolExecutor$Worker.run(ThreadPoolExecutor.java:642)
	at java.base/java.lang.Thread.run(Thread.java:1589)

Mar 20, 2024 8:27:21 PM com.google.cloud.datastore.emulator.firestore.websocket.WebSocketChannelHandler channelClosed
INFO: Websocket client disconnected
Mar 20, 2024 9:36:49 PM com.google.cloud.datastore.emulator.firestore.websocket.WebSocketChannelHandler initChannel
INFO: Connected to new websocket client
Mar 21, 2024 7:51:36 AM com.google.cloud.datastore.emulator.firestore.websocket.WebSocketChannelHandler initChannel
INFO: Connected to new websocket client
Mar 21, 2024 7:53:06 AM com.google.cloud.datastore.emulator.firestore.websocket.WebSocketChannelHandler channelClosed
INFO: Websocket client disconnected
